<?xml version="1.0" encoding="UTF-8"?>
<!-- Generated by org.testng.reporters.JUnitXMLReporter -->
<testsuite ignored="7" hostname="LAPTOP-2HG486VE" failures="6" tests="6" name="Regreesion" time="1.958" errors="0" timestamp="2023-08-15T17:15:37 IST">
  <testcase classname="com.sauslab.testcases.checkoutonetest" name="CO1" time="0.062">
    <failure type="java.lang.NullPointerException">
      <![CDATA[java.lang.NullPointerException
at java.base/java.util.Objects.requireNonNull(Objects.java:209)
at org.openqa.selenium.interactions.Actions.<init>(Actions.java:65)
at com.sauslab.actiondriver.Action.click(Action.java:47)
at com.sauslab.pageobjects.loginPage.login(loginPage.java:47)
at com.sauslab.testcases.checkoutonetest.CO1(checkoutonetest.java:45)
at java.base/java.util.ArrayList.forEach(ArrayList.java:1511)
... Removed 27 stack frames]]>
    </failure>
  </testcase> <!-- CO1 -->
  <testcase classname="com.sauslab.testcases.checkoutonetest" name="CO2" time="0.006">
    <failure type="java.lang.NullPointerException">
      <![CDATA[java.lang.NullPointerException
at java.base/java.util.Objects.requireNonNull(Objects.java:209)
at org.openqa.selenium.interactions.Actions.<init>(Actions.java:65)
at com.sauslab.actiondriver.Action.click(Action.java:47)
at com.sauslab.pageobjects.loginPage.login(loginPage.java:47)
at com.sauslab.testcases.checkoutonetest.CO2(checkoutonetest.java:56)
at java.base/java.util.ArrayList.forEach(ArrayList.java:1511)
... Removed 27 stack frames]]>
    </failure>
  </testcase> <!-- CO2 -->
  <testcase classname="com.sauslab.testcases.checkoutsecondtest" name="CH_1" time="0.016">
    <failure type="java.lang.NullPointerException">
      <![CDATA[java.lang.NullPointerException
at java.base/java.util.Objects.requireNonNull(Objects.java:209)
at org.openqa.selenium.interactions.Actions.<init>(Actions.java:65)
at com.sauslab.actiondriver.Action.click(Action.java:47)
at com.sauslab.pageobjects.loginPage.login(loginPage.java:47)
at com.sauslab.testcases.checkoutsecondtest.CH_1(checkoutsecondtest.java:48)
at java.base/java.util.ArrayList.forEach(ArrayList.java:1511)
... Removed 27 stack frames]]>
    </failure>
  </testcase> <!-- CH_1 -->
  <testcase classname="com.sauslab.testcases.checkoutsecondtest" name="CH_2" time="0.011">
    <failure type="java.lang.NullPointerException">
      <![CDATA[java.lang.NullPointerException
at java.base/java.util.Objects.requireNonNull(Objects.java:209)
at org.openqa.selenium.interactions.Actions.<init>(Actions.java:65)
at com.sauslab.actiondriver.Action.click(Action.java:47)
at com.sauslab.pageobjects.loginPage.login(loginPage.java:47)
at com.sauslab.testcases.checkoutsecondtest.CH_2(checkoutsecondtest.java:64)
at java.base/java.util.ArrayList.forEach(ArrayList.java:1511)
... Removed 27 stack frames]]>
    </failure>
  </testcase> <!-- CH_2 -->
  <testcase classname="com.sauslab.testcases.checkoutsecondtest" name="CH_3" time="0.004">
    <failure type="java.lang.NullPointerException">
      <![CDATA[java.lang.NullPointerException
at java.base/java.util.Objects.requireNonNull(Objects.java:209)
at org.openqa.selenium.interactions.Actions.<init>(Actions.java:65)
at com.sauslab.actiondriver.Action.click(Action.java:47)
at com.sauslab.pageobjects.loginPage.login(loginPage.java:47)
at com.sauslab.testcases.checkoutsecondtest.CH_3(checkoutsecondtest.java:78)
at java.base/java.util.ArrayList.forEach(ArrayList.java:1511)
... Removed 27 stack frames]]>
    </failure>
  </testcase> <!-- CH_3 -->
  <testcase classname="com.sauslab.testcases.logintest" name="loginTest" time="0.039">
    <failure type="java.lang.NullPointerException">
      <![CDATA[java.lang.NullPointerException
at java.base/java.util.Objects.requireNonNull(Objects.java:209)
at org.openqa.selenium.interactions.Actions.<init>(Actions.java:65)
at com.sauslab.actiondriver.Action.click(Action.java:47)
at com.sauslab.pageobjects.loginPage.login(loginPage.java:47)
at com.sauslab.testcases.logintest.loginTest(logintest.java:55)
at java.base/java.util.ArrayList.forEach(ArrayList.java:1511)
... Removed 27 stack frames]]>
    </failure>
  </testcase> <!-- loginTest -->
  <testcase classname="com.sauslab.testcases.cartTest" name="carttest3" time="0.0">
    <ignored/>
  </testcase> <!-- carttest3 -->
  <testcase classname="com.sauslab.testcases.inventorytest" name="addtocart" time="0.0">
    <ignored/>
  </testcase> <!-- addtocart -->
  <testcase classname="com.sauslab.testcases.logintest" name="verifyTitle" time="0.0">
    <ignored/>
  </testcase> <!-- verifyTitle -->
  <testcase classname="com.sauslab.testcases.checkoutcompletetest" name="CH_1" time="0.0">
    <ignored/>
  </testcase> <!-- CH_1 -->
  <testcase classname="com.sauslab.testcases.cartTest" name="carttest2" time="0.0">
    <ignored/>
  </testcase> <!-- carttest2 -->
  <testcase classname="com.sauslab.testcases.cartTest" name="carttest" time="0.0">
    <ignored/>
  </testcase> <!-- carttest -->
  <testcase classname="com.sauslab.testcases.cartTest" name="carttest1" time="0.0">
    <ignored/>
  </testcase> <!-- carttest1 -->
</testsuite> <!-- Regreesion -->
