<?xml version="1.0" encoding="UTF-8"?>
<!-- Generated by org.testng.reporters.JUnitXMLReporter -->
<testsuite ignored="11" hostname="DESKTOP-6JUH33A" failures="7" tests="7" name="Smoke" time="7.694" errors="0" timestamp="2023-03-04T17:58:09 IST">
  <testcase classname="com.sauslab.testcases.checkoutonetest" name="CO2" time="0.454">
    <failure type="java.lang.NullPointerException">
      <![CDATA[java.lang.NullPointerException
at java.base/java.util.Objects.requireNonNull(Objects.java:208)
at org.openqa.selenium.interactions.Actions.<init>(Actions.java:65)
at com.sauslab.actiondriver.Action.click(Action.java:47)
at com.sauslab.pageobjects.loginPage.login(loginPage.java:47)
at com.sauslab.testcases.checkoutonetest.CO2(checkoutonetest.java:56)
at java.base/java.util.ArrayList.forEach(ArrayList.java:1511)
... Removed 27 stack frames]]>
    </failure>
  </testcase> <!-- CO2 -->
  <testcase classname="com.sauslab.testcases.checkoutsecondtest" name="CH_1" time="0.066">
    <failure type="java.lang.NullPointerException">
      <![CDATA[java.lang.NullPointerException
at java.base/java.util.Objects.requireNonNull(Objects.java:208)
at org.openqa.selenium.interactions.Actions.<init>(Actions.java:65)
at com.sauslab.actiondriver.Action.click(Action.java:47)
at com.sauslab.pageobjects.loginPage.login(loginPage.java:47)
at com.sauslab.testcases.checkoutsecondtest.CH_1(checkoutsecondtest.java:48)
at java.base/java.util.ArrayList.forEach(ArrayList.java:1511)
... Removed 27 stack frames]]>
    </failure>
  </testcase> <!-- CH_1 -->
  <testcase classname="com.sauslab.testcases.checkoutsecondtest" name="CH_2" time="0.014">
    <failure type="java.lang.NullPointerException">
      <![CDATA[java.lang.NullPointerException
at java.base/java.util.Objects.requireNonNull(Objects.java:208)
at org.openqa.selenium.interactions.Actions.<init>(Actions.java:65)
at com.sauslab.actiondriver.Action.click(Action.java:47)
at com.sauslab.pageobjects.loginPage.login(loginPage.java:47)
at com.sauslab.testcases.checkoutsecondtest.CH_2(checkoutsecondtest.java:64)
at java.base/java.util.ArrayList.forEach(ArrayList.java:1511)
... Removed 27 stack frames]]>
    </failure>
  </testcase> <!-- CH_2 -->
  <testcase classname="com.sauslab.testcases.checkoutsecondtest" name="CH_3" time="0.024">
    <failure type="java.lang.NullPointerException">
      <![CDATA[java.lang.NullPointerException
at java.base/java.util.Objects.requireNonNull(Objects.java:208)
at org.openqa.selenium.interactions.Actions.<init>(Actions.java:65)
at com.sauslab.actiondriver.Action.click(Action.java:47)
at com.sauslab.pageobjects.loginPage.login(loginPage.java:47)
at com.sauslab.testcases.checkoutsecondtest.CH_3(checkoutsecondtest.java:78)
at java.base/java.util.ArrayList.forEach(ArrayList.java:1511)
... Removed 27 stack frames]]>
    </failure>
  </testcase> <!-- CH_3 -->
  <testcase classname="com.sauslab.testcases.cartTest" name="carttest3" time="0.01">
    <failure type="java.lang.NullPointerException">
      <![CDATA[java.lang.NullPointerException
at java.base/java.util.Objects.requireNonNull(Objects.java:208)
at org.openqa.selenium.interactions.Actions.<init>(Actions.java:65)
at com.sauslab.actiondriver.Action.click(Action.java:47)
at com.sauslab.pageobjects.loginPage.login(loginPage.java:47)
at com.sauslab.testcases.cartTest.carttest3(cartTest.java:70)
at java.base/java.util.ArrayList.forEach(ArrayList.java:1511)
... Removed 27 stack frames]]>
    </failure>
  </testcase> <!-- carttest3 -->
  <testcase classname="com.sauslab.testcases.logintest" name="loginTest" time="0.104">
    <failure type="java.lang.NullPointerException">
      <![CDATA[java.lang.NullPointerException
at java.base/java.util.Objects.requireNonNull(Objects.java:208)
at org.openqa.selenium.interactions.Actions.<init>(Actions.java:65)
at com.sauslab.actiondriver.Action.click(Action.java:47)
at com.sauslab.pageobjects.loginPage.login(loginPage.java:47)
at com.sauslab.testcases.logintest.loginTest(logintest.java:55)
at java.base/java.util.ArrayList.forEach(ArrayList.java:1511)
... Removed 27 stack frames]]>
    </failure>
  </testcase> <!-- loginTest -->
  <testcase classname="com.sauslab.testcases.logintest" name="verifyTitle" time="0.009">
    <failure type="java.lang.NullPointerException" message="Cannot invoke &amp;quot;org.openqa.selenium.WebDriver.getTitle()&amp;quot; because the return value of &amp;quot;com.sauslab.pageobjects.loginPage.getDriver()&amp;quot; is null">
      <![CDATA[java.lang.NullPointerException: Cannot invoke "org.openqa.selenium.WebDriver.getTitle()" because the return value of "com.sauslab.pageobjects.loginPage.getDriver()" is null
at com.sauslab.pageobjects.loginPage.getSauslabTitle(loginPage.java:40)
at com.sauslab.testcases.logintest.verifyTitle(logintest.java:44)
at java.base/java.util.ArrayList.forEach(ArrayList.java:1511)
... Removed 27 stack frames]]>
    </failure>
  </testcase> <!-- verifyTitle -->
  <testcase classname="com.sauslab.testcases.checkoutonetest" name="CO1" time="0.0">
    <ignored/>
  </testcase> <!-- CO1 -->
  <testcase classname="com.sauslab.testcases.inventorytest" name="addtocart" time="0.0">
    <ignored/>
  </testcase> <!-- addtocart -->
  <testcase classname="com.sauslab.testcases.checkoutcompletetest" name="CH_1" time="0.0">
    <ignored/>
  </testcase> <!-- CH_1 -->
  <testcase classname="com.sauslab.testcases.cartTest" name="carttest2" time="0.0">
    <ignored/>
  </testcase> <!-- carttest2 -->
  <testcase classname="com.sauslab.testcases.cartTest" name="carttest" time="0.0">
    <ignored/>
  </testcase> <!-- carttest -->
  <testcase classname="com.sauslab.base.BaseClass" name="@BeforeTest loadConfig" time="0.0">
    <ignored/>
  </testcase> <!-- @BeforeTest loadConfig -->
  <testcase classname="com.sauslab.base.BaseClass" name="@BeforeTest loadConfig" time="0.0">
    <ignored/>
  </testcase> <!-- @BeforeTest loadConfig -->
  <testcase classname="com.sauslab.base.BaseClass" name="@BeforeTest loadConfig" time="0.0">
    <ignored/>
  </testcase> <!-- @BeforeTest loadConfig -->
  <testcase classname="com.sauslab.base.BaseClass" name="@BeforeTest loadConfig" time="0.0">
    <ignored/>
  </testcase> <!-- @BeforeTest loadConfig -->
  <testcase classname="com.sauslab.base.BaseClass" name="@BeforeTest loadConfig" time="0.0">
    <ignored/>
  </testcase> <!-- @BeforeTest loadConfig -->
  <testcase classname="com.sauslab.testcases.cartTest" name="carttest1" time="0.0">
    <ignored/>
  </testcase> <!-- carttest1 -->
</testsuite> <!-- Smoke -->
