<?xml version="1.0" encoding="UTF-8"?>
<!-- Generated by org.testng.reporters.JUnitXMLReporter -->
<testsuite ignored="10" hostname="LAPTOP-2HG486VE" failures="0" tests="13" name="Test_All" time="645.666" errors="0" timestamp="2023-08-15T18:16:17 IST">
  <testcase classname="com.sauslab.testcases.checkoutcompletetest" name="CH_1" time="3.505"/>
  <testcase classname="com.sauslab.testcases.checkoutonetest" name="CO1" time="1.606"/>
  <testcase classname="com.sauslab.testcases.checkoutonetest" name="CO2" time="2.435"/>
  <testcase classname="com.sauslab.testcases.cartTest" name="carttest" time="1.725"/>
  <testcase classname="com.sauslab.testcases.cartTest" name="carttest1" time="1.795"/>
  <testcase classname="com.sauslab.testcases.cartTest" name="carttest2" time="1.671"/>
  <testcase classname="com.sauslab.testcases.cartTest" name="carttest3" time="1.592"/>
  <testcase classname="com.sauslab.testcases.inventorytest" name="addtocart" time="1.825"/>
  <testcase classname="com.sauslab.testcases.checkoutsecondtest" name="CH_1" time="2.568"/>
  <testcase classname="com.sauslab.testcases.checkoutsecondtest" name="CH_2" time="2.833"/>
  <testcase classname="com.sauslab.testcases.checkoutsecondtest" name="CH_3" time="3.358"/>
  <testcase classname="com.sauslab.testcases.logintest" name="loginTest" time="0.739"/>
  <testcase classname="com.sauslab.testcases.logintest" name="verifyTitle" time="0.013"/>
  <testcase classname="com.sauslab.base.BaseClass" name="@BeforeSuite beforeSuite" time="0.0">
    <ignored/>
  </testcase> <!-- @BeforeSuite beforeSuite -->
  <testcase classname="com.sauslab.base.BaseClass" name="@BeforeSuite beforeSuite" time="0.0">
    <ignored/>
  </testcase> <!-- @BeforeSuite beforeSuite -->
  <testcase classname="com.sauslab.base.BaseClass" name="@BeforeSuite beforeSuite" time="0.0">
    <ignored/>
  </testcase> <!-- @BeforeSuite beforeSuite -->
  <testcase classname="com.sauslab.base.BaseClass" name="@BeforeSuite beforeSuite" time="0.0">
    <ignored/>
  </testcase> <!-- @BeforeSuite beforeSuite -->
  <testcase classname="com.sauslab.base.BaseClass" name="@BeforeSuite beforeSuite" time="0.0">
    <ignored/>
  </testcase> <!-- @BeforeSuite beforeSuite -->
  <testcase classname="com.sauslab.base.BaseClass" name="@BeforeTest loadConfig" time="0.0">
    <ignored/>
  </testcase> <!-- @BeforeTest loadConfig -->
  <testcase classname="com.sauslab.base.BaseClass" name="@BeforeTest loadConfig" time="0.0">
    <ignored/>
  </testcase> <!-- @BeforeTest loadConfig -->
  <testcase classname="com.sauslab.base.BaseClass" name="@BeforeTest loadConfig" time="0.0">
    <ignored/>
  </testcase> <!-- @BeforeTest loadConfig -->
  <testcase classname="com.sauslab.base.BaseClass" name="@BeforeTest loadConfig" time="0.0">
    <ignored/>
  </testcase> <!-- @BeforeTest loadConfig -->
  <testcase classname="com.sauslab.base.BaseClass" name="@BeforeTest loadConfig" time="0.0">
    <ignored/>
  </testcase> <!-- @BeforeTest loadConfig -->
</testsuite> <!-- Test_All -->
