<?xml version="1.0" encoding="UTF-8"?>
<!-- Generated by org.testng.reporters.JUnitXMLReporter -->
<testsuite ignored="10" hostname="LAPTOP-2HG486VE" failures="0" tests="13" name="Test_All" time="577.563" errors="0" timestamp="2023-08-16T21:25:24 IST">
  <testcase classname="com.sauslab.testcases.checkoutcompletetest" name="CH_1" time="4.103"/>
  <testcase classname="com.sauslab.testcases.checkoutonetest" name="CO1" time="1.854"/>
  <testcase classname="com.sauslab.testcases.checkoutonetest" name="CO2" time="2.774"/>
  <testcase classname="com.sauslab.testcases.cartTest" name="carttest" time="1.761"/>
  <testcase classname="com.sauslab.testcases.cartTest" name="carttest1" time="1.847"/>
  <testcase classname="com.sauslab.testcases.cartTest" name="carttest2" time="1.648"/>
  <testcase classname="com.sauslab.testcases.cartTest" name="carttest3" time="1.779"/>
  <testcase classname="com.sauslab.testcases.inventorytest" name="addtocart" time="2.068"/>
  <testcase classname="com.sauslab.testcases.checkoutsecondtest" name="CH_1" time="3.095"/>
  <testcase classname="com.sauslab.testcases.checkoutsecondtest" name="CH_2" time="2.981"/>
  <testcase classname="com.sauslab.testcases.checkoutsecondtest" name="CH_3" time="3.149"/>
  <testcase classname="com.sauslab.testcases.logintest" name="loginTest" time="0.746"/>
  <testcase classname="com.sauslab.testcases.logintest" name="verifyTitle" time="0.012"/>
  <testcase classname="com.sauslab.base.BaseClass" name="@BeforeSuite beforeSuite" time="0.0">
    <ignored/>
  </testcase> <!-- @BeforeSuite beforeSuite -->
  <testcase classname="com.sauslab.base.BaseClass" name="@BeforeSuite beforeSuite" time="0.0">
    <ignored/>
  </testcase> <!-- @BeforeSuite beforeSuite -->
  <testcase classname="com.sauslab.base.BaseClass" name="@BeforeSuite beforeSuite" time="0.0">
    <ignored/>
  </testcase> <!-- @BeforeSuite beforeSuite -->
  <testcase classname="com.sauslab.base.BaseClass" name="@BeforeSuite beforeSuite" time="0.0">
    <ignored/>
  </testcase> <!-- @BeforeSuite beforeSuite -->
  <testcase classname="com.sauslab.base.BaseClass" name="@BeforeSuite beforeSuite" time="0.0">
    <ignored/>
  </testcase> <!-- @BeforeSuite beforeSuite -->
  <testcase classname="com.sauslab.base.BaseClass" name="@BeforeTest loadConfig" time="0.0">
    <ignored/>
  </testcase> <!-- @BeforeTest loadConfig -->
  <testcase classname="com.sauslab.base.BaseClass" name="@BeforeTest loadConfig" time="0.0">
    <ignored/>
  </testcase> <!-- @BeforeTest loadConfig -->
  <testcase classname="com.sauslab.base.BaseClass" name="@BeforeTest loadConfig" time="0.0">
    <ignored/>
  </testcase> <!-- @BeforeTest loadConfig -->
  <testcase classname="com.sauslab.base.BaseClass" name="@BeforeTest loadConfig" time="0.0">
    <ignored/>
  </testcase> <!-- @BeforeTest loadConfig -->
  <testcase classname="com.sauslab.base.BaseClass" name="@BeforeTest loadConfig" time="0.0">
    <ignored/>
  </testcase> <!-- @BeforeTest loadConfig -->
</testsuite> <!-- Test_All -->
