<?xml version="1.0" encoding="UTF-8"?>
<testng-results ignored="0" total="2" passed="2" failed="0" skipped="0">
  <reporter-output>
  </reporter-output>
  <suite started-at="2023-03-07T17:44:47 IST" name="Cross_Browser" finished-at="2023-03-07T17:45:02 IST" duration-ms="14969">
    <groups>
      <group name="Regreesion">
        <method signature="logintest.loginTest(java.lang.String, java.lang.String)[pri:0, instance:com.sauslab.testcases.logintest@6a370f4]" name="loginTest" class="com.sauslab.testcases.logintest"/>
      </group> <!-- Regreesion -->
      <group name="Smoke">
        <method signature="logintest.loginTest(java.lang.String, java.lang.String)[pri:0, instance:com.sauslab.testcases.logintest@6a370f4]" name="loginTest" class="com.sauslab.testcases.logintest"/>
        <method signature="logintest.verifyTitle()[pri:0, instance:com.sauslab.testcases.logintest@6a370f4]" name="verifyTitle" class="com.sauslab.testcases.logintest"/>
      </group> <!-- Smoke -->
    </groups>
    <test started-at="2023-03-07T17:44:47 IST" name="Chrome_Test" finished-at="2023-03-07T17:45:02 IST" duration-ms="14969">
      <class name="com.sauslab.testcases.logintest">
        <test-method is-config="true" signature="beforeSuite()[pri:0, instance:com.sauslab.testcases.logintest@6a370f4]" started-at="2023-03-07T17:44:47 IST" name="beforeSuite" finished-at="2023-03-07T17:44:47 IST" duration-ms="442" status="PASS">
          <reporter-output>
          </reporter-output>
        </test-method> <!-- beforeSuite -->
        <test-method is-config="true" signature="loadConfig()[pri:0, instance:com.sauslab.testcases.logintest@6a370f4]" started-at="2023-03-07T17:44:47 IST" name="loadConfig" finished-at="2023-03-07T17:44:47 IST" duration-ms="4" status="PASS">
          <reporter-output>
          </reporter-output>
        </test-method> <!-- loadConfig -->
        <test-method is-config="true" signature="setup(java.lang.String)[pri:0, instance:com.sauslab.testcases.logintest@6a370f4]" started-at="2023-03-07T17:44:48 IST" name="setup" finished-at="2023-03-07T17:44:56 IST" duration-ms="7301" status="PASS">
          <params>
            <param index="0">
              <value>
                <![CDATA[Chrome]]>
              </value>
            </param>
          </params>
          <reporter-output>
          </reporter-output>
        </test-method> <!-- setup -->
        <test-method signature="loginTest(java.lang.String, java.lang.String)[pri:0, instance:com.sauslab.testcases.logintest@6a370f4]" started-at="2023-03-07T17:44:56 IST" name="loginTest" data-provider="credentials" finished-at="2023-03-07T17:44:57 IST" duration-ms="949" status="PASS">
          <params>
            <param index="0">
              <value>
                <![CDATA[standard_user]]>
              </value>
            </param>
            <param index="1">
              <value>
                <![CDATA[secret_sauce]]>
              </value>
            </param>
          </params>
          <reporter-output>
          </reporter-output>
        </test-method> <!-- loginTest -->
        <test-method is-config="true" signature="tearDown()[pri:0, instance:com.sauslab.testcases.logintest@6a370f4]" started-at="2023-03-07T17:44:57 IST" name="tearDown" finished-at="2023-03-07T17:44:57 IST" duration-ms="327" status="PASS">
          <reporter-output>
          </reporter-output>
        </test-method> <!-- tearDown -->
        <test-method is-config="true" signature="setup(java.lang.String)[pri:0, instance:com.sauslab.testcases.logintest@6a370f4]" started-at="2023-03-07T17:44:57 IST" name="setup" finished-at="2023-03-07T17:45:02 IST" duration-ms="4705" status="PASS">
          <params>
            <param index="0">
              <value>
                <![CDATA[Chrome]]>
              </value>
            </param>
          </params>
          <reporter-output>
          </reporter-output>
        </test-method> <!-- setup -->
        <test-method signature="verifyTitle()[pri:0, instance:com.sauslab.testcases.logintest@6a370f4]" started-at="2023-03-07T17:45:02 IST" name="verifyTitle" finished-at="2023-03-07T17:45:02 IST" duration-ms="25" status="PASS">
          <reporter-output>
          </reporter-output>
        </test-method> <!-- verifyTitle -->
        <test-method is-config="true" signature="tearDown()[pri:0, instance:com.sauslab.testcases.logintest@6a370f4]" started-at="2023-03-07T17:45:02 IST" name="tearDown" finished-at="2023-03-07T17:45:02 IST" duration-ms="491" status="PASS">
          <reporter-output>
          </reporter-output>
        </test-method> <!-- tearDown -->
      </class> <!-- com.sauslab.testcases.logintest -->
    </test> <!-- Chrome_Test -->
  </suite> <!-- Cross_Browser -->
</testng-results>
